<?xml version="1.0" encoding="UTF-8"?>
<testng-results skipped="0" failed="0" ignored="0" total="2" passed="2">
  <reporter-output>
  </reporter-output>
  <suite name="Suite" duration-ms="35410" started-at="2018-05-20T05:45:03Z" finished-at="2018-05-20T05:45:39Z">
    <groups>
    </groups>
    <test name="Test" duration-ms="35410" started-at="2018-05-20T05:45:03Z" finished-at="2018-05-20T05:45:39Z">
      <class name="testcases.TC003_CreateLead">
        <test-method status="PASS" signature="beforeSuite()[pri:0, instance:testcases.TC003_CreateLead@39aeed2f]" name="beforeSuite" is-config="true" duration-ms="1513" started-at="2018-05-20T05:45:02Z" finished-at="2018-05-20T05:45:03Z">
          <reporter-output>
          </reporter-output>
        </test-method> <!-- beforeSuite -->
        <test-method status="PASS" signature="setData()[pri:0, instance:testcases.TC003_CreateLead@39aeed2f]" name="setData" is-config="true" duration-ms="0" started-at="2018-05-20T05:45:03Z" finished-at="2018-05-20T05:45:03Z">
          <reporter-output>
          </reporter-output>
        </test-method> <!-- setData -->
        <test-method status="PASS" signature="beforeClass()[pri:0, instance:testcases.TC003_CreateLead@39aeed2f]" name="beforeClass" is-config="true" duration-ms="2" started-at="2018-05-20T05:45:03Z" finished-at="2018-05-20T05:45:03Z">
          <reporter-output>
          </reporter-output>
        </test-method> <!-- beforeClass -->
        <test-method status="PASS" signature="beforeMethod()[pri:0, instance:testcases.TC003_CreateLead@39aeed2f]" name="beforeMethod" is-config="true" duration-ms="5214" started-at="2018-05-20T05:45:04Z" finished-at="2018-05-20T05:45:09Z">
          <reporter-output>
          </reporter-output>
        </test-method> <!-- beforeMethod -->
        <test-method status="PASS" signature="loginAndLogout(java.lang.String, java.lang.String, java.lang.String, java.lang.String, java.lang.String)[pri:0, instance:testcases.TC003_CreateLead@39aeed2f]" name="loginAndLogout" duration-ms="14261" started-at="2018-05-20T05:45:09Z" data-provider="fetchData" finished-at="2018-05-20T05:45:24Z">
          <params>
            <param index="0">
              <value>
                <![CDATA[DemoSalesManager]]>
              </value>
            </param>
            <param index="1">
              <value>
                <![CDATA[crmsfa]]>
              </value>
            </param>
            <param index="2">
              <value>
                <![CDATA[CTS]]>
              </value>
            </param>
            <param index="3">
              <value>
                <![CDATA[Abarna]]>
              </value>
            </param>
            <param index="4">
              <value>
                <![CDATA[Rajesh]]>
              </value>
            </param>
          </params>
          <reporter-output>
          </reporter-output>
        </test-method> <!-- loginAndLogout -->
        <test-method status="PASS" signature="afterMethod()[pri:0, instance:testcases.TC003_CreateLead@39aeed2f]" name="afterMethod" is-config="true" duration-ms="569" started-at="2018-05-20T05:45:24Z" finished-at="2018-05-20T05:45:24Z">
          <reporter-output>
          </reporter-output>
        </test-method> <!-- afterMethod -->
        <test-method status="PASS" signature="beforeMethod()[pri:0, instance:testcases.TC003_CreateLead@39aeed2f]" name="beforeMethod" is-config="true" duration-ms="4420" started-at="2018-05-20T05:45:24Z" finished-at="2018-05-20T05:45:29Z">
          <reporter-output>
          </reporter-output>
        </test-method> <!-- beforeMethod -->
        <test-method status="PASS" signature="loginAndLogout(java.lang.String, java.lang.String, java.lang.String, java.lang.String, java.lang.String)[pri:0, instance:testcases.TC003_CreateLead@39aeed2f]" name="loginAndLogout" duration-ms="9676" started-at="2018-05-20T05:45:29Z" data-provider="fetchData" finished-at="2018-05-20T05:45:38Z">
          <params>
            <param index="0">
              <value>
                <![CDATA[DemoCSR]]>
              </value>
            </param>
            <param index="1">
              <value>
                <![CDATA[crmsfa]]>
              </value>
            </param>
            <param index="2">
              <value>
                <![CDATA[ZOHO]]>
              </value>
            </param>
            <param index="3">
              <value>
                <![CDATA[kavin ]]>
              </value>
            </param>
            <param index="4">
              <value>
                <![CDATA[Rajesh]]>
              </value>
            </param>
          </params>
          <reporter-output>
          </reporter-output>
        </test-method> <!-- loginAndLogout -->
        <test-method status="PASS" signature="afterMethod()[pri:0, instance:testcases.TC003_CreateLead@39aeed2f]" name="afterMethod" is-config="true" duration-ms="577" started-at="2018-05-20T05:45:38Z" finished-at="2018-05-20T05:45:39Z">
          <reporter-output>
          </reporter-output>
        </test-method> <!-- afterMethod -->
        <test-method status="PASS" signature="afterTest()[pri:0, instance:testcases.TC003_CreateLead@39aeed2f]" name="afterTest" is-config="true" duration-ms="0" started-at="2018-05-20T05:45:39Z" finished-at="2018-05-20T05:45:39Z">
          <reporter-output>
          </reporter-output>
        </test-method> <!-- afterTest -->
        <test-method status="PASS" signature="afterSuite()[pri:0, instance:testcases.TC003_CreateLead@39aeed2f]" name="afterSuite" is-config="true" duration-ms="571" started-at="2018-05-20T05:45:39Z" finished-at="2018-05-20T05:45:39Z">
          <reporter-output>
          </reporter-output>
        </test-method> <!-- afterSuite -->
      </class> <!-- testcases.TC003_CreateLead -->
    </test> <!-- Test -->
  </suite> <!-- Suite -->
</testng-results>
